<?xml version="1.0" encoding="UTF-8" ?>
<testsuite tests="26" failures="0" name="br.com.codersistemas.libs.utils.ReflectionUtilsTest" time="0.093" errors="0" skipped="0">
  <properties>
[...]
</properties>
  <testcase classname="br.com.codersistemas.libs.utils.ReflectionUtilsTest" name="testPrintCreateObjectCode" time="0.018"/>
  <testcase classname="br.com.codersistemas.libs.utils.ReflectionUtilsTest" name="testGetGeterName" time="0"/>
  <testcase classname="br.com.codersistemas.libs.utils.ReflectionUtilsTest" name="testGetField" time="0"/>
  <testcase classname="br.com.codersistemas.libs.utils.ReflectionUtilsTest" name="testGetTipoGenericoRetornoString" time="0.001"/>
  <testcase classname="br.com.codersistemas.libs.utils.ReflectionUtilsTest" name="testClone" time="0.009"/>
  <testcase classname="br.com.codersistemas.libs.utils.ReflectionUtilsTest" name="testGetAnnotationClassFieldClassOfQextendsAnnotation" time="0"/>
  <testcase classname="br.com.codersistemas.libs.utils.ReflectionUtilsTest" name="testToString" time="0.001"/>
  <testcase classname="br.com.codersistemas.libs.utils.ReflectionUtilsTest" name="testGetAtributos" time="0.027"/>
  <testcase classname="br.com.codersistemas.libs.utils.ReflectionUtilsTest" name="testBuscarDiferencas" time="0.029"/>
  <testcase classname="br.com.codersistemas.libs.utils.ReflectionUtilsTest" name="testGetFieldsClass" time="0"/>
  <testcase classname="br.com.codersistemas.libs.utils.ReflectionUtilsTest" name="testBuscarDiferencas2" time="0"/>
  <testcase classname="br.com.codersistemas.libs.utils.ReflectionUtilsTest" name="testIsGetter" time="0"/>
  <testcase classname="br.com.codersistemas.libs.utils.ReflectionUtilsTest" name="testGetContemRetorno" time="0"/>
  <testcase classname="br.com.codersistemas.libs.utils.ReflectionUtilsTest" name="testIsSetter" time="0"/>
  <testcase classname="br.com.codersistemas.libs.utils.ReflectionUtilsTest" name="testGetFieldsObject" time="0"/>
  <testcase classname="br.com.codersistemas.libs.utils.ReflectionUtilsTest" name="testGetMethods" time="0.001"/>
  <testcase classname="br.com.codersistemas.libs.utils.ReflectionUtilsTest" name="testGetMethod" time="0"/>
  <testcase classname="br.com.codersistemas.libs.utils.ReflectionUtilsTest" name="testSetValues" time="0"/>
  <testcase classname="br.com.codersistemas.libs.utils.ReflectionUtilsTest" name="testGetTipoGenericoRetorno" time="0"/>
  <testcase classname="br.com.codersistemas.libs.utils.ReflectionUtilsTest" name="testInject" time="0"/>
  <testcase classname="br.com.codersistemas.libs.utils.ReflectionUtilsTest" name="testGetAnnotations" time="0"/>
  <testcase classname="br.com.codersistemas.libs.utils.ReflectionUtilsTest" name="testGetValorLiteral" time="0.005"/>
  <testcase classname="br.com.codersistemas.libs.utils.ReflectionUtilsTest" name="testGetAnnotationClassField" time="0.001"/>
  <testcase classname="br.com.codersistemas.libs.utils.ReflectionUtilsTest" name="testPrintGettersSetters" time="0"/>
  <testcase classname="br.com.codersistemas.libs.utils.ReflectionUtilsTest" name="testSetValue" time="0"/>
  <testcase classname="br.com.codersistemas.libs.utils.ReflectionUtilsTest" name="testGetSeterName" time="0.001"/>
</testsuite>